<?xml version="1.0" encoding="UTF-8"?>
<testng-results ignored="0" total="2" passed="2" failed="0" skipped="0">
  <reporter-output>
  </reporter-output>
  <suite started-at="2025-01-29T11:02:52 IST" name="Default suite" finished-at="2025-01-29T11:02:58 IST" duration-ms="6874">
    <groups>
      <group name="cucumber">
        <method signature="AbstractTestNGCucumberTests.runScenario(io.cucumber.testng.PickleWrapper,io.cucumber.testng.FeatureWrapper)[pri:0, instance:testRunner.TestRunnerJunit@19932c16]" name="runScenario" class="io.cucumber.testng.AbstractTestNGCucumberTests"/>
      </group> <!-- cucumber -->
    </groups>
    <test started-at="2025-01-29T11:02:52 IST" name="Default test" finished-at="2025-01-29T11:02:58 IST" duration-ms="6874">
      <class name="testRunner.TestRunnerJunit">
        <test-method is-config="true" signature="setUpClass(org.testng.ITestContext)[pri:0, instance:testRunner.TestRunnerJunit@19932c16]" started-at="2025-01-29T11:02:52 IST" name="setUpClass" finished-at="2025-01-29T11:02:52 IST" duration-ms="541" status="PASS">
          <params>
            <param index="0">
              <value>
                <![CDATA[org.testng.TestRunner@2dd8a273]]>
              </value>
            </param>
          </params>
          <reporter-output>
          </reporter-output>
        </test-method> <!-- setUpClass -->
        <test-method signature="runScenario(io.cucumber.testng.PickleWrapper,io.cucumber.testng.FeatureWrapper)[pri:0, instance:testRunner.TestRunnerJunit@19932c16]" started-at="2025-01-29T11:02:52 IST" name="runScenario" description="Runs Cucumber Scenarios" data-provider="scenarios" finished-at="2025-01-29T11:02:57 IST" duration-ms="4791" status="PASS">
          <params>
            <param index="0">
              <value>
                <![CDATA["Verify if place is being successfully added using AddPlaceAPI"]]>
              </value>
            </param>
            <param index="1">
              <value>
                <![CDATA["validating Place API's"]]>
              </value>
            </param>
          </params>
          <reporter-output>
          </reporter-output>
        </test-method> <!-- runScenario -->
        <test-method signature="runScenario(io.cucumber.testng.PickleWrapper,io.cucumber.testng.FeatureWrapper)[pri:0, instance:testRunner.TestRunnerJunit@19932c16]" started-at="2025-01-29T11:02:57 IST" name="runScenario" description="Runs Cucumber Scenarios" data-provider="scenarios" finished-at="2025-01-29T11:02:58 IST" duration-ms="1461" status="PASS">
          <params>
            <param index="0">
              <value>
                <![CDATA["Verify if place is being successfully added using AddPlaceAPI"]]>
              </value>
            </param>
            <param index="1">
              <value>
                <![CDATA["validating Place API's"]]>
              </value>
            </param>
          </params>
          <reporter-output>
          </reporter-output>
        </test-method> <!-- runScenario -->
        <test-method is-config="true" signature="tearDownClass()[pri:0, instance:testRunner.TestRunnerJunit@19932c16]" started-at="2025-01-29T11:02:58 IST" name="tearDownClass" finished-at="2025-01-29T11:02:58 IST" duration-ms="29" status="PASS">
          <reporter-output>
          </reporter-output>
        </test-method> <!-- tearDownClass -->
      </class> <!-- testRunner.TestRunnerJunit -->
    </test> <!-- Default test -->
  </suite> <!-- Default suite -->
</testng-results>
